2025-05-20 17:51:27,020 - INFO - 
==================================================
2025-05-20 17:51:27,020 - INFO - Starting equipment processing at 2025-05-20 17:51:27.020758
2025-05-20 17:51:27,020 - INFO - ==================================================

2025-05-20 17:51:27,021 - INFO - Running with arguments: {'location': '12345', 'output': '/Users/ramtinabolfazli/Documents/Work/Seniors and Juniors/Program/output', 'uploads_root': '/Users/ramtinabolfazli/Documents/Work/Seniors and Juniors/Program/uploads'}
2025-05-20 17:51:27,021 - INFO - Gemini API configured successfully
2025-05-20 17:51:27,021 - INFO - 
==============================
2025-05-20 17:51:27,021 - INFO - Starting image processing
2025-05-20 17:51:27,021 - INFO - ==============================
2025-05-20 17:51:27,022 - INFO - Found 1 image files to process
2025-05-20 17:51:27,022 - INFO - Processing image: WhatsApp Image 2025-05-15 at 17.41.31 (3).jpeg
2025-05-20 17:51:27,022 - INFO - Processing image: /Users/ramtinabolfazli/Documents/Work/Seniors and Juniors/Program/uploads/photos/12345/WhatsApp Image 2025-05-15 at 17.41.31 (3).jpeg
2025-05-20 17:51:30,527 - INFO - Successfully extracted data from 3 images
2025-05-20 17:51:30,527 - INFO - 
==============================
2025-05-20 17:51:30,527 - INFO - Starting manufacturer matching
2025-05-20 17:51:30,528 - INFO - ==============================
2025-05-20 17:51:30,529 - INFO - Loading manufacturer data from: /Users/ramtinabolfazli/Documents/Work/Seniors and Juniors/Program/uploads/manufacturer/12345/manufacturer_file_12345.xlsx
2025-05-20 17:51:39,327 - INFO - Successfully loaded manufacturer data with 92177 records
2025-05-20 17:51:39,464 - ERROR - Error matching row 0: name 'ai_description_matcher' is not defined
2025-05-20 17:51:39,563 - ERROR - Error matching row 1: name 'ai_description_matcher' is not defined
2025-05-20 17:51:39,663 - ERROR - Error matching row 2: name 'ai_description_matcher' is not defined
2025-05-20 17:51:39,667 - ERROR - Failed to save results: Missing required columns in output: ['Asset Tag #', 'Serial Number', 'Item Number', 'Mfr Part number']
2025-05-20 17:51:39,667 - ERROR - 
PROCESSING FAILED: Missing required columns in output: ['Asset Tag #', 'Serial Number', 'Item Number', 'Mfr Part number']
2025-05-20 18:00:01,652 - INFO - 
==================================================
2025-05-20 18:00:01,652 - INFO - Starting equipment processing at 2025-05-20 18:00:01.652561
2025-05-20 18:00:01,652 - INFO - ==================================================

2025-05-20 18:00:01,653 - INFO - Gemini API configured successfully
2025-05-20 18:00:01,653 - INFO - Processing image: /Users/ramtinabolfazli/Documents/Work/Seniors and Juniors/Program/uploads/photos/12345/WhatsApp Image 2025-05-15 at 17.41.31 (3).jpeg
2025-05-20 18:00:13,982 - ERROR - 
UNEXPECTED ERROR: "None of [Index(['Item Number', 'Item Description'], dtype='object')] are in the [columns]"
2025-05-20 18:00:13,987 - ERROR - Traceback (most recent call last):
  File "/Users/ramtinabolfazli/Documents/Work/Seniors and Juniors/Program/server/python/process_equipment.py", line 239, in main
    ai_match = ai_description_matcher(row['description'], df_manufacturers, model)
               ^^^^^^^^^^^^^^^^^^^^^^^^^^^^^^^^^^^^^^^^^^^^^^^^^^^^^^^^^^^^^^^^^^^
  File "/Users/ramtinabolfazli/Documents/Work/Seniors and Juniors/Program/server/python/process_equipment.py", line 114, in ai_description_matcher
    {top_candidates_df[['Item Number', 'Item Description']].to_string(index=False)}
     ~~~~~~~~~~~~~~~~~^^^^^^^^^^^^^^^^^^^^^^^^^^^^^^^^^^^^^
  File "/opt/miniconda3/lib/python3.12/site-packages/pandas/core/frame.py", line 4108, in __getitem__
    indexer = self.columns._get_indexer_strict(key, "columns")[1]
              ^^^^^^^^^^^^^^^^^^^^^^^^^^^^^^^^^^^^^^^^^^^^^^^^
  File "/opt/miniconda3/lib/python3.12/site-packages/pandas/core/indexes/base.py", line 6200, in _get_indexer_strict
    self._raise_if_missing(keyarr, indexer, axis_name)
  File "/opt/miniconda3/lib/python3.12/site-packages/pandas/core/indexes/base.py", line 6249, in _raise_if_missing
    raise KeyError(f"None of [{key}] are in the [{axis_name}]")
KeyError: "None of [Index(['Item Number', 'Item Description'], dtype='object')] are in the [columns]"

2025-05-20 18:03:20,437 - INFO - 
==================================================
2025-05-20 18:03:20,437 - INFO - Starting equipment processing at 2025-05-20 18:03:20.437597
2025-05-20 18:03:20,437 - INFO - ==================================================

2025-05-20 18:03:20,438 - INFO - Gemini API configured successfully
2025-05-20 18:03:20,438 - INFO - Processing image: /Users/ramtinabolfazli/Documents/Work/Seniors and Juniors/Program/uploads/photos/12345/WhatsApp Image 2025-05-15 at 17.41.31 (3).jpeg
2025-05-20 18:03:32,036 - ERROR - 
UNEXPECTED ERROR: 'part_number'
2025-05-20 18:03:32,041 - ERROR - Traceback (most recent call last):
  File "/opt/miniconda3/lib/python3.12/site-packages/pandas/core/indexes/base.py", line 3805, in get_loc
    return self._engine.get_loc(casted_key)
           ^^^^^^^^^^^^^^^^^^^^^^^^^^^^^^^^
  File "index.pyx", line 167, in pandas._libs.index.IndexEngine.get_loc
  File "index.pyx", line 196, in pandas._libs.index.IndexEngine.get_loc
  File "pandas/_libs/hashtable_class_helper.pxi", line 7081, in pandas._libs.hashtable.PyObjectHashTable.get_item
  File "pandas/_libs/hashtable_class_helper.pxi", line 7089, in pandas._libs.hashtable.PyObjectHashTable.get_item
KeyError: 'part_number'

The above exception was the direct cause of the following exception:

Traceback (most recent call last):
  File "/Users/ramtinabolfazli/Documents/Work/Seniors and Juniors/Program/server/python/process_equipment.py", line 238, in main
    df_manufacturers['part_number'] = df_manufacturers['part_number'].astype(str).str.strip().str.upper()
                                      ~~~~~~~~~~~~~~~~^^^^^^^^^^^^^^^
  File "/opt/miniconda3/lib/python3.12/site-packages/pandas/core/frame.py", line 4102, in __getitem__
    indexer = self.columns.get_loc(key)
              ^^^^^^^^^^^^^^^^^^^^^^^^^
  File "/opt/miniconda3/lib/python3.12/site-packages/pandas/core/indexes/base.py", line 3812, in get_loc
    raise KeyError(key) from err
KeyError: 'part_number'

2025-05-20 18:04:42,725 - INFO - 
==================================================
2025-05-20 18:04:42,725 - INFO - Starting equipment processing at 2025-05-20 18:04:42.725281
2025-05-20 18:04:42,725 - INFO - ==================================================

2025-05-20 18:04:42,725 - INFO - Gemini API configured successfully
2025-05-20 18:04:42,726 - INFO - Processing image: /Users/ramtinabolfazli/Documents/Work/Seniors and Juniors/Program/uploads/photos/12345/WhatsApp Image 2025-05-15 at 17.41.31 (3).jpeg
2025-05-20 18:04:54,569 - ERROR - 
UNEXPECTED ERROR: 'part_number'
2025-05-20 18:04:54,575 - ERROR - Traceback (most recent call last):
  File "/opt/miniconda3/lib/python3.12/site-packages/pandas/core/indexes/base.py", line 3805, in get_loc
    return self._engine.get_loc(casted_key)
           ^^^^^^^^^^^^^^^^^^^^^^^^^^^^^^^^
  File "index.pyx", line 167, in pandas._libs.index.IndexEngine.get_loc
  File "index.pyx", line 196, in pandas._libs.index.IndexEngine.get_loc
  File "pandas/_libs/hashtable_class_helper.pxi", line 7081, in pandas._libs.hashtable.PyObjectHashTable.get_item
  File "pandas/_libs/hashtable_class_helper.pxi", line 7089, in pandas._libs.hashtable.PyObjectHashTable.get_item
KeyError: 'part_number'

The above exception was the direct cause of the following exception:

Traceback (most recent call last):
  File "/Users/ramtinabolfazli/Documents/Work/Seniors and Juniors/Program/server/python/process_equipment.py", line 246, in main
    exact_matches = df_manufacturers[df_manufacturers['part_number'] == row['part_number']]
                                     ~~~~~~~~~~~~~~~~^^^^^^^^^^^^^^^
  File "/opt/miniconda3/lib/python3.12/site-packages/pandas/core/frame.py", line 4102, in __getitem__
    indexer = self.columns.get_loc(key)
              ^^^^^^^^^^^^^^^^^^^^^^^^^
  File "/opt/miniconda3/lib/python3.12/site-packages/pandas/core/indexes/base.py", line 3812, in get_loc
    raise KeyError(key) from err
KeyError: 'part_number'

2025-05-20 18:06:42,822 - INFO - 
==================================================
2025-05-20 18:06:42,823 - INFO - Starting equipment processing at 2025-05-20 18:06:42.822882
2025-05-20 18:06:42,823 - INFO - ==================================================

2025-05-20 18:06:42,823 - INFO - Gemini API configured successfully
2025-05-20 18:06:42,823 - INFO - Processing image: /Users/ramtinabolfazli/Documents/Work/Seniors and Juniors/Program/uploads/photos/12345/WhatsApp Image 2025-05-15 at 17.41.31 (3).jpeg
2025-05-20 18:07:09,199 - ERROR - AI matching error: 429 You exceeded your current quota, please check your plan and billing details. For more information on this error, head to: https://ai.google.dev/gemini-api/docs/rate-limits. [violations {
  quota_metric: "generativelanguage.googleapis.com/generate_content_free_tier_input_token_count"
  quota_id: "GenerateContentInputTokensPerModelPerMinute-FreeTier"
  quota_dimensions {
    key: "model"
    value: "gemini-1.5-flash"
  }
  quota_dimensions {
    key: "location"
    value: "global"
  }
  quota_value: 250000
}
, links {
  description: "Learn more about Gemini API quotas"
  url: "https://ai.google.dev/gemini-api/docs/rate-limits"
}
, retry_delay {
  seconds: 56
}
]
2025-05-20 18:07:23,328 - ERROR - AI matching error: 429 You exceeded your current quota, please check your plan and billing details. For more information on this error, head to: https://ai.google.dev/gemini-api/docs/rate-limits. [violations {
  quota_metric: "generativelanguage.googleapis.com/generate_content_free_tier_input_token_count"
  quota_id: "GenerateContentInputTokensPerModelPerMinute-FreeTier"
  quota_dimensions {
    key: "model"
    value: "gemini-1.5-flash"
  }
  quota_dimensions {
    key: "location"
    value: "global"
  }
  quota_value: 250000
}
, links {
  description: "Learn more about Gemini API quotas"
  url: "https://ai.google.dev/gemini-api/docs/rate-limits"
}
, retry_delay {
  seconds: 42
}
]
2025-05-20 18:07:37,573 - ERROR - AI matching error: 429 You exceeded your current quota, please check your plan and billing details. For more information on this error, head to: https://ai.google.dev/gemini-api/docs/rate-limits. [violations {
  quota_metric: "generativelanguage.googleapis.com/generate_content_free_tier_input_token_count"
  quota_id: "GenerateContentInputTokensPerModelPerMinute-FreeTier"
  quota_dimensions {
    key: "model"
    value: "gemini-1.5-flash"
  }
  quota_dimensions {
    key: "location"
    value: "global"
  }
  quota_value: 250000
}
, links {
  description: "Learn more about Gemini API quotas"
  url: "https://ai.google.dev/gemini-api/docs/rate-limits"
}
, retry_delay {
  seconds: 28
}
]
2025-05-20 18:07:37,822 - INFO - Results saved to: /Users/ramtinabolfazli/Documents/Work/Seniors and Juniors/Program/output/equipment_inventory_12345.csv
2025-05-20 18:07:37,822 - INFO - 
=== Processing Summary ===
2025-05-20 18:07:37,822 - INFO - Images processed: 1
2025-05-20 18:07:37,822 - INFO - Items extracted: 3
2025-05-20 18:07:37,822 - INFO - 
=== Matching Results ===
2025-05-20 18:07:37,825 - INFO - match_method
no_match    3
2025-05-20 18:08:09,061 - INFO - 
==================================================
2025-05-20 18:08:09,061 - INFO - Starting equipment processing at 2025-05-20 18:08:09.061844
2025-05-20 18:08:09,062 - INFO - ==================================================

2025-05-20 18:08:09,062 - INFO - Gemini API configured successfully
2025-05-20 18:08:09,062 - INFO - Processing image: /Users/ramtinabolfazli/Documents/Work/Seniors and Juniors/Program/uploads/photos/12345/WhatsApp Image 2025-05-15 at 17.41.31 (3).jpeg
2025-05-20 18:08:35,106 - ERROR - AI matching error: 429 You exceeded your current quota, please check your plan and billing details. For more information on this error, head to: https://ai.google.dev/gemini-api/docs/rate-limits. [violations {
  quota_metric: "generativelanguage.googleapis.com/generate_content_free_tier_input_token_count"
  quota_id: "GenerateContentInputTokensPerModelPerMinute-FreeTier"
  quota_dimensions {
    key: "model"
    value: "gemini-1.5-flash"
  }
  quota_dimensions {
    key: "location"
    value: "global"
  }
  quota_value: 250000
}
, links {
  description: "Learn more about Gemini API quotas"
  url: "https://ai.google.dev/gemini-api/docs/rate-limits"
}
, retry_delay {
  seconds: 31
}
]
2025-05-20 18:08:50,675 - ERROR - AI matching error: 429 You exceeded your current quota, please check your plan and billing details. For more information on this error, head to: https://ai.google.dev/gemini-api/docs/rate-limits. [violations {
  quota_metric: "generativelanguage.googleapis.com/generate_content_free_tier_input_token_count"
  quota_id: "GenerateContentInputTokensPerModelPerMinute-FreeTier"
  quota_dimensions {
    key: "model"
    value: "gemini-1.5-flash"
  }
  quota_dimensions {
    key: "location"
    value: "global"
  }
  quota_value: 250000
}
, links {
  description: "Learn more about Gemini API quotas"
  url: "https://ai.google.dev/gemini-api/docs/rate-limits"
}
, retry_delay {
  seconds: 15
}
]
2025-05-20 18:09:05,127 - ERROR - AI matching error: 429 You exceeded your current quota, please check your plan and billing details. For more information on this error, head to: https://ai.google.dev/gemini-api/docs/rate-limits. [violations {
  quota_metric: "generativelanguage.googleapis.com/generate_content_free_tier_input_token_count"
  quota_id: "GenerateContentInputTokensPerModelPerMinute-FreeTier"
  quota_dimensions {
    key: "model"
    value: "gemini-1.5-flash"
  }
  quota_dimensions {
    key: "location"
    value: "global"
  }
  quota_value: 250000
}
, links {
  description: "Learn more about Gemini API quotas"
  url: "https://ai.google.dev/gemini-api/docs/rate-limits"
}
, retry_delay {
  seconds: 1
}
]
2025-05-20 18:09:05,371 - INFO - Results saved to: /Users/ramtinabolfazli/Documents/Work/Seniors and Juniors/Program/output/equipment_inventory_12345.csv
2025-05-20 18:09:05,371 - INFO - 
=== Processing Summary ===
2025-05-20 18:09:05,371 - INFO - Images processed: 1
2025-05-20 18:09:05,371 - INFO - Items extracted: 3
2025-05-20 18:09:05,371 - INFO - 
=== Matching Results ===
2025-05-20 18:09:05,376 - INFO - match_method
no_match    3
2025-05-20 18:13:23,599 - INFO - 
==================================================
2025-05-20 18:13:23,600 - INFO - Starting equipment processing at 2025-05-20 18:13:23.599980
2025-05-20 18:13:23,600 - INFO - ==================================================

2025-05-20 18:13:23,600 - INFO - Gemini API configured successfully
2025-05-20 18:13:23,601 - INFO - Processing image: /Users/ramtinabolfazli/Documents/Work/Seniors and Juniors/Program/uploads/photos/12345678/WhatsApp Image 2025-05-15 at 17.41.31 (1).jpeg
2025-05-20 18:13:35,379 - ERROR - 
UNEXPECTED ERROR: 'item_number'
2025-05-20 18:13:35,384 - ERROR - Traceback (most recent call last):
  File "/opt/miniconda3/lib/python3.12/site-packages/pandas/core/indexes/base.py", line 3805, in get_loc
    return self._engine.get_loc(casted_key)
           ^^^^^^^^^^^^^^^^^^^^^^^^^^^^^^^^
  File "index.pyx", line 167, in pandas._libs.index.IndexEngine.get_loc
  File "index.pyx", line 196, in pandas._libs.index.IndexEngine.get_loc
  File "pandas/_libs/hashtable_class_helper.pxi", line 7081, in pandas._libs.hashtable.PyObjectHashTable.get_item
  File "pandas/_libs/hashtable_class_helper.pxi", line 7089, in pandas._libs.hashtable.PyObjectHashTable.get_item
KeyError: 'item_number'

The above exception was the direct cause of the following exception:

Traceback (most recent call last):
  File "/Users/ramtinabolfazli/Documents/Work/Seniors and Juniors/Program/server/python/process_equipment.py", line 248, in main
    matched['item_number'] = exact_matches.iloc[0]['item_number']
                             ~~~~~~~~~~~~~~~~~~~~~^^^^^^^^^^^^^^^
  File "/opt/miniconda3/lib/python3.12/site-packages/pandas/core/series.py", line 1121, in __getitem__
    return self._get_value(key)
           ^^^^^^^^^^^^^^^^^^^^
  File "/opt/miniconda3/lib/python3.12/site-packages/pandas/core/series.py", line 1237, in _get_value
    loc = self.index.get_loc(label)
          ^^^^^^^^^^^^^^^^^^^^^^^^^
  File "/opt/miniconda3/lib/python3.12/site-packages/pandas/core/indexes/base.py", line 3812, in get_loc
    raise KeyError(key) from err
KeyError: 'item_number'

2025-05-20 18:17:11,868 - INFO - 
==================================================
2025-05-20 18:17:11,869 - INFO - Starting equipment processing at 2025-05-20 18:17:11.869013
2025-05-20 18:17:11,869 - INFO - ==================================================

2025-05-20 18:17:11,869 - INFO - Gemini API configured successfully
2025-05-20 18:17:11,869 - INFO - Processing image: /Users/ramtinabolfazli/Documents/Work/Seniors and Juniors/Program/uploads/photos/12345678/WhatsApp Image 2025-05-15 at 17.41.31 (1).jpeg
2025-05-20 18:17:23,023 - INFO - Results saved to: /Users/ramtinabolfazli/Documents/Work/Seniors and Juniors/Program/output/equipment_inventory_12345678.csv
2025-05-20 18:17:23,023 - INFO - 
=== Processing Summary ===
2025-05-20 18:17:23,023 - INFO - Images processed: 1
2025-05-20 18:17:23,023 - INFO - Items extracted: 1
2025-05-20 18:17:23,023 - INFO - 
=== Matching Results ===
2025-05-20 18:17:23,039 - INFO - match_method
exact_part_number    1
2025-05-20 18:18:12,960 - INFO - 
==================================================
2025-05-20 18:18:12,960 - INFO - Starting equipment processing at 2025-05-20 18:18:12.960362
2025-05-20 18:18:12,960 - INFO - ==================================================

2025-05-20 18:18:12,960 - INFO - Gemini API configured successfully
2025-05-20 18:18:12,961 - INFO - Processing image: /Users/ramtinabolfazli/Documents/Work/Seniors and Juniors/Program/uploads/photos/123456/WhatsApp Image 2025-05-15 at 17.41.31 (3).jpeg
2025-05-20 18:18:16,003 - INFO - Processing image: /Users/ramtinabolfazli/Documents/Work/Seniors and Juniors/Program/uploads/photos/123456/WhatsApp Image 2025-05-15 at 17.41.31 (1).jpeg
2025-05-20 18:18:43,229 - ERROR - AI matching error: 429 You exceeded your current quota, please check your plan and billing details. For more information on this error, head to: https://ai.google.dev/gemini-api/docs/rate-limits. [violations {
  quota_metric: "generativelanguage.googleapis.com/generate_content_free_tier_input_token_count"
  quota_id: "GenerateContentInputTokensPerModelPerMinute-FreeTier"
  quota_dimensions {
    key: "model"
    value: "gemini-1.5-flash"
  }
  quota_dimensions {
    key: "location"
    value: "global"
  }
  quota_value: 250000
}
, links {
  description: "Learn more about Gemini API quotas"
  url: "https://ai.google.dev/gemini-api/docs/rate-limits"
}
, retry_delay {
  seconds: 22
}
]
2025-05-20 18:19:01,080 - ERROR - AI matching error: 429 You exceeded your current quota, please check your plan and billing details. For more information on this error, head to: https://ai.google.dev/gemini-api/docs/rate-limits. [violations {
  quota_metric: "generativelanguage.googleapis.com/generate_content_free_tier_input_token_count"
  quota_id: "GenerateContentInputTokensPerModelPerMinute-FreeTier"
  quota_dimensions {
    key: "model"
    value: "gemini-1.5-flash"
  }
  quota_dimensions {
    key: "location"
    value: "global"
  }
  quota_value: 250000
}
, links {
  description: "Learn more about Gemini API quotas"
  url: "https://ai.google.dev/gemini-api/docs/rate-limits"
}
, retry_delay {
  seconds: 3
}
]
2025-05-20 18:19:19,518 - ERROR - AI matching error: 429 You exceeded your current quota, please check your plan and billing details. For more information on this error, head to: https://ai.google.dev/gemini-api/docs/rate-limits. [violations {
  quota_metric: "generativelanguage.googleapis.com/generate_content_free_tier_input_token_count"
  quota_id: "GenerateContentInputTokensPerModelPerMinute-FreeTier"
  quota_dimensions {
    key: "model"
    value: "gemini-1.5-flash"
  }
  quota_dimensions {
    key: "location"
    value: "global"
  }
  quota_value: 250000
}
, links {
  description: "Learn more about Gemini API quotas"
  url: "https://ai.google.dev/gemini-api/docs/rate-limits"
}
, retry_delay {
  seconds: 47
}
]
2025-05-20 18:19:19,772 - INFO - Results saved to: /Users/ramtinabolfazli/Documents/Work/Seniors and Juniors/Program/output/equipment_inventory_123456.csv
2025-05-20 18:19:19,773 - INFO - 
=== Processing Summary ===
2025-05-20 18:19:19,773 - INFO - Images processed: 2
2025-05-20 18:19:19,773 - INFO - Items extracted: 4
2025-05-20 18:19:19,773 - INFO - 
=== Matching Results ===
2025-05-20 18:19:19,776 - INFO - match_method
no_match             3
exact_part_number    1
2025-05-20 18:26:13,639 - INFO - ============================================================
2025-05-20 18:26:13,640 - INFO - Starting equipment processing at 2025-05-20 18:26:13.640493
2025-05-20 18:26:13,640 - INFO - ============================================================
2025-05-20 18:26:13,641 - INFO - Gemini API configured successfully
2025-05-20 18:26:13,641 - INFO - Processing image: /Users/ramtinabolfazli/Documents/Work/Seniors and Juniors/Program/uploads/photos/123456/WhatsApp Image 2025-05-15 at 17.41.31 (3).jpeg
2025-05-20 18:26:16,559 - INFO - Processing image: /Users/ramtinabolfazli/Documents/Work/Seniors and Juniors/Program/uploads/photos/123456/WhatsApp Image 2025-05-15 at 17.41.31 (1).jpeg
2025-05-20 18:26:51,564 - ERROR - AI matching error: 429 You exceeded your current quota, please check your plan and billing details. For more information on this error, head to: https://ai.google.dev/gemini-api/docs/rate-limits. [violations {
  quota_metric: "generativelanguage.googleapis.com/generate_content_free_tier_input_token_count"
  quota_id: "GenerateContentInputTokensPerModelPerMinute-FreeTier"
  quota_dimensions {
    key: "model"
    value: "gemini-1.5-flash"
  }
  quota_dimensions {
    key: "location"
    value: "global"
  }
  quota_value: 250000
}
, links {
  description: "Learn more about Gemini API quotas"
  url: "https://ai.google.dev/gemini-api/docs/rate-limits"
}
, retry_delay {
  seconds: 15
}
]
2025-05-20 18:27:15,646 - ERROR - AI matching error: 429 You exceeded your current quota, please check your plan and billing details. For more information on this error, head to: https://ai.google.dev/gemini-api/docs/rate-limits. [violations {
  quota_metric: "generativelanguage.googleapis.com/generate_content_free_tier_input_token_count"
  quota_id: "GenerateContentInputTokensPerModelPerMinute-FreeTier"
  quota_dimensions {
    key: "model"
    value: "gemini-1.5-flash"
  }
  quota_dimensions {
    key: "location"
    value: "global"
  }
  quota_value: 250000
}
, links {
  description: "Learn more about Gemini API quotas"
  url: "https://ai.google.dev/gemini-api/docs/rate-limits"
}
, retry_delay {
  seconds: 50
}
]
2025-05-20 18:27:41,170 - ERROR - AI matching error: 429 You exceeded your current quota, please check your plan and billing details. For more information on this error, head to: https://ai.google.dev/gemini-api/docs/rate-limits. [violations {
  quota_metric: "generativelanguage.googleapis.com/generate_content_free_tier_input_token_count"
  quota_id: "GenerateContentInputTokensPerModelPerMinute-FreeTier"
  quota_dimensions {
    key: "model"
    value: "gemini-1.5-flash"
  }
  quota_dimensions {
    key: "location"
    value: "global"
  }
  quota_value: 250000
}
, links {
  description: "Learn more about Gemini API quotas"
  url: "https://ai.google.dev/gemini-api/docs/rate-limits"
}
, retry_delay {
  seconds: 23
}
]
2025-05-20 18:27:41,419 - ERROR - Equipment Processor Error: Failed to save results: [Errno 21] Is a directory: '/Users/ramtinabolfazli/Documents/Work/Seniors and Juniors/Program/output'
2025-05-20 18:28:03,606 - INFO - ============================================================
2025-05-20 18:28:03,606 - INFO - Starting equipment processing at 2025-05-20 18:28:03.606532
2025-05-20 18:28:03,606 - INFO - ============================================================
2025-05-20 18:28:03,607 - INFO - Gemini API configured successfully
2025-05-20 18:28:03,607 - INFO - Processing image: /Users/ramtinabolfazli/Documents/Work/Seniors and Juniors/Program/uploads/photos/123456/WhatsApp Image 2025-05-15 at 17.41.31 (3).jpeg
2025-05-20 18:28:07,082 - INFO - Processing image: /Users/ramtinabolfazli/Documents/Work/Seniors and Juniors/Program/uploads/photos/123456/WhatsApp Image 2025-05-15 at 17.41.31 (1).jpeg
2025-05-20 18:28:46,815 - ERROR - AI matching error: 429 You exceeded your current quota, please check your plan and billing details. For more information on this error, head to: https://ai.google.dev/gemini-api/docs/rate-limits. [violations {
  quota_metric: "generativelanguage.googleapis.com/generate_content_free_tier_input_token_count"
  quota_id: "GenerateContentInputTokensPerModelPerMinute-FreeTier"
  quota_dimensions {
    key: "model"
    value: "gemini-1.5-flash"
  }
  quota_dimensions {
    key: "location"
    value: "global"
  }
  quota_value: 250000
}
, links {
  description: "Learn more about Gemini API quotas"
  url: "https://ai.google.dev/gemini-api/docs/rate-limits"
}
, retry_delay {
  seconds: 20
}
]
2025-05-20 18:29:18,796 - ERROR - AI matching error: 429 You exceeded your current quota, please check your plan and billing details. For more information on this error, head to: https://ai.google.dev/gemini-api/docs/rate-limits. [violations {
  quota_metric: "generativelanguage.googleapis.com/generate_content_free_tier_input_token_count"
  quota_id: "GenerateContentInputTokensPerModelPerMinute-FreeTier"
  quota_dimensions {
    key: "model"
    value: "gemini-1.5-flash"
  }
  quota_dimensions {
    key: "location"
    value: "global"
  }
  quota_value: 250000
}
, links {
  description: "Learn more about Gemini API quotas"
  url: "https://ai.google.dev/gemini-api/docs/rate-limits"
}
, retry_delay {
  seconds: 47
}
]
2025-05-20 18:29:54,599 - ERROR - AI matching error: 429 You exceeded your current quota, please check your plan and billing details. For more information on this error, head to: https://ai.google.dev/gemini-api/docs/rate-limits. [violations {
  quota_metric: "generativelanguage.googleapis.com/generate_content_free_tier_input_token_count"
  quota_id: "GenerateContentInputTokensPerModelPerMinute-FreeTier"
  quota_dimensions {
    key: "model"
    value: "gemini-1.5-flash"
  }
  quota_dimensions {
    key: "location"
    value: "global"
  }
  quota_value: 250000
}
, links {
  description: "Learn more about Gemini API quotas"
  url: "https://ai.google.dev/gemini-api/docs/rate-limits"
}
, retry_delay {
  seconds: 11
}
]
2025-05-20 18:29:54,864 - ERROR - Equipment Processor Error: Failed to save results: [Errno 21] Is a directory: '/Users/ramtinabolfazli/Documents/Work/Seniors and Juniors/Program/output'
2025-05-20 22:11:33,405 - INFO - ============================================================
2025-05-20 22:11:33,406 - INFO - Starting equipment processing at 2025-05-20 22:11:33.406164
2025-05-20 22:11:33,406 - INFO - ============================================================
2025-05-20 22:11:33,406 - INFO - Gemini API configured successfully
2025-05-20 22:11:33,407 - INFO - Processing image: /Users/ramtinabolfazli/Documents/Work/Seniors and Juniors/Program/uploads/photos/12345/WhatsApp Image 2025-05-15 at 17.41.31 (3).jpeg
2025-05-20 22:12:03,678 - ERROR - AI matching error: 429 You exceeded your current quota, please check your plan and billing details. For more information on this error, head to: https://ai.google.dev/gemini-api/docs/rate-limits. [violations {
  quota_metric: "generativelanguage.googleapis.com/generate_content_free_tier_input_token_count"
  quota_id: "GenerateContentInputTokensPerModelPerMinute-FreeTier"
  quota_dimensions {
    key: "model"
    value: "gemini-1.5-flash"
  }
  quota_dimensions {
    key: "location"
    value: "global"
  }
  quota_value: 250000
}
, links {
  description: "Learn more about Gemini API quotas"
  url: "https://ai.google.dev/gemini-api/docs/rate-limits"
}
, retry_delay {
  seconds: 1
}
]
2025-05-20 22:12:18,679 - ERROR - AI matching error: 429 You exceeded your current quota, please check your plan and billing details. For more information on this error, head to: https://ai.google.dev/gemini-api/docs/rate-limits. [violations {
  quota_metric: "generativelanguage.googleapis.com/generate_content_free_tier_input_token_count"
  quota_id: "GenerateContentInputTokensPerModelPerMinute-FreeTier"
  quota_dimensions {
    key: "model"
    value: "gemini-1.5-flash"
  }
  quota_dimensions {
    key: "location"
    value: "global"
  }
  quota_value: 250000
}
, links {
  description: "Learn more about Gemini API quotas"
  url: "https://ai.google.dev/gemini-api/docs/rate-limits"
}
, retry_delay {
  seconds: 46
}
]
2025-05-20 22:12:33,169 - ERROR - AI matching error: 429 You exceeded your current quota, please check your plan and billing details. For more information on this error, head to: https://ai.google.dev/gemini-api/docs/rate-limits. [violations {
  quota_metric: "generativelanguage.googleapis.com/generate_content_free_tier_input_token_count"
  quota_id: "GenerateContentInputTokensPerModelPerMinute-FreeTier"
  quota_dimensions {
    key: "model"
    value: "gemini-1.5-flash"
  }
  quota_dimensions {
    key: "location"
    value: "global"
  }
  quota_value: 250000
}
, links {
  description: "Learn more about Gemini API quotas"
  url: "https://ai.google.dev/gemini-api/docs/rate-limits"
}
, retry_delay {
  seconds: 31
}
]
2025-05-20 22:12:33,417 - ERROR - Equipment Processor Error: Failed to save results: [Errno 21] Is a directory: '/Users/ramtinabolfazli/Documents/Work/Seniors and Juniors/Program/output'
2025-05-20 22:29:21,430 - INFO - 
==================================================
2025-05-20 22:29:21,431 - INFO - Starting equipment processing at 2025-05-20 22:29:21.431250
2025-05-20 22:29:21,431 - INFO - ==================================================

2025-05-20 22:29:21,431 - INFO - Gemini API configured successfully
2025-05-20 22:29:21,432 - INFO - Processing image: /Users/ramtinabolfazli/Documents/Work/Seniors and Juniors/Program/uploads/photos/12345/WhatsApp Image 2025-05-15 at 17.41.31 (3).jpeg
2025-05-20 22:29:49,251 - ERROR - AI matching error: 429 You exceeded your current quota, please check your plan and billing details. For more information on this error, head to: https://ai.google.dev/gemini-api/docs/rate-limits. [violations {
  quota_metric: "generativelanguage.googleapis.com/generate_content_free_tier_input_token_count"
  quota_id: "GenerateContentInputTokensPerModelPerMinute-FreeTier"
  quota_dimensions {
    key: "model"
    value: "gemini-1.5-flash"
  }
  quota_dimensions {
    key: "location"
    value: "global"
  }
  quota_value: 250000
}
, links {
  description: "Learn more about Gemini API quotas"
  url: "https://ai.google.dev/gemini-api/docs/rate-limits"
}
, retry_delay {
  seconds: 18
}
]
2025-05-20 22:30:06,082 - ERROR - AI matching error: 429 You exceeded your current quota, please check your plan and billing details. For more information on this error, head to: https://ai.google.dev/gemini-api/docs/rate-limits. [violations {
  quota_metric: "generativelanguage.googleapis.com/generate_content_free_tier_input_token_count"
  quota_id: "GenerateContentInputTokensPerModelPerMinute-FreeTier"
  quota_dimensions {
    key: "model"
    value: "gemini-1.5-flash"
  }
  quota_dimensions {
    key: "location"
    value: "global"
  }
  quota_value: 250000
}
, links {
  description: "Learn more about Gemini API quotas"
  url: "https://ai.google.dev/gemini-api/docs/rate-limits"
}
, retry_delay {
}
]
2025-05-20 22:30:31,067 - ERROR - AI matching error: 429 You exceeded your current quota, please check your plan and billing details. For more information on this error, head to: https://ai.google.dev/gemini-api/docs/rate-limits. [violations {
  quota_metric: "generativelanguage.googleapis.com/generate_content_free_tier_input_token_count"
  quota_id: "GenerateContentInputTokensPerModelPerMinute-FreeTier"
  quota_dimensions {
    key: "model"
    value: "gemini-1.5-flash"
  }
  quota_dimensions {
    key: "location"
    value: "global"
  }
  quota_value: 250000
}
, links {
  description: "Learn more about Gemini API quotas"
  url: "https://ai.google.dev/gemini-api/docs/rate-limits"
}
, retry_delay {
  seconds: 36
}
]
2025-05-20 22:30:31,308 - INFO - Results saved to: /Users/ramtinabolfazli/Documents/Work/Seniors and Juniors/Program/output/equipment_inventory_12345.csv
2025-05-20 22:30:31,308 - INFO - 
=== Processing Summary ===
2025-05-20 22:30:31,308 - INFO - Images processed: 1
2025-05-20 22:30:31,309 - INFO - Items extracted: 3
2025-05-20 22:30:31,309 - INFO - 
=== Matching Results ===
2025-05-20 22:30:31,312 - INFO - match_method
no_match    3
2025-05-20 22:35:17,592 - INFO - ============================================================
2025-05-20 22:35:17,592 - INFO - Starting equipment processing at 2025-05-20 22:35:17.592357
2025-05-20 22:35:17,592 - INFO - ============================================================
2025-05-20 22:35:17,592 - INFO - Gemini API configured successfully
2025-05-20 22:35:17,593 - INFO - Processing image: /Users/ramtinabolfazli/Documents/Work/Seniors and Juniors/Program/uploads/photos/12345/WhatsApp Image 2025-05-15 at 17.41.31 (3).jpeg
2025-05-20 22:35:52,269 - ERROR - AI matching error: 429 You exceeded your current quota, please check your plan and billing details. For more information on this error, head to: https://ai.google.dev/gemini-api/docs/rate-limits. [violations {
  quota_metric: "generativelanguage.googleapis.com/generate_content_free_tier_input_token_count"
  quota_id: "GenerateContentInputTokensPerModelPerMinute-FreeTier"
  quota_dimensions {
    key: "model"
    value: "gemini-1.5-flash"
  }
  quota_dimensions {
    key: "location"
    value: "global"
  }
  quota_value: 250000
}
, links {
  description: "Learn more about Gemini API quotas"
  url: "https://ai.google.dev/gemini-api/docs/rate-limits"
}
, retry_delay {
  seconds: 15
}
]
2025-05-20 22:36:08,051 - ERROR - AI matching error: 429 You exceeded your current quota, please check your plan and billing details. For more information on this error, head to: https://ai.google.dev/gemini-api/docs/rate-limits. [violations {
  quota_metric: "generativelanguage.googleapis.com/generate_content_free_tier_input_token_count"
  quota_id: "GenerateContentInputTokensPerModelPerMinute-FreeTier"
  quota_dimensions {
    key: "model"
    value: "gemini-1.5-flash"
  }
  quota_dimensions {
    key: "location"
    value: "global"
  }
  quota_value: 250000
}
, links {
  description: "Learn more about Gemini API quotas"
  url: "https://ai.google.dev/gemini-api/docs/rate-limits"
}
, retry_delay {
  seconds: 59
}
]
2025-05-20 22:36:36,639 - ERROR - AI matching error: 429 You exceeded your current quota, please check your plan and billing details. For more information on this error, head to: https://ai.google.dev/gemini-api/docs/rate-limits. [violations {
  quota_metric: "generativelanguage.googleapis.com/generate_content_free_tier_input_token_count"
  quota_id: "GenerateContentInputTokensPerModelPerMinute-FreeTier"
  quota_dimensions {
    key: "model"
    value: "gemini-1.5-flash"
  }
  quota_dimensions {
    key: "location"
    value: "global"
  }
  quota_value: 250000
}
, links {
  description: "Learn more about Gemini API quotas"
  url: "https://ai.google.dev/gemini-api/docs/rate-limits"
}
, retry_delay {
  seconds: 29
}
]
2025-05-20 22:36:36,901 - ERROR - Equipment Processor Error: Failed to save results: [Errno 21] Is a directory: '/Users/ramtinabolfazli/Documents/Work/Seniors and Juniors/Program/output'
2025-05-20 22:39:59,848 - INFO - ============================================================
2025-05-20 22:39:59,848 - INFO - Starting equipment processing at 2025-05-20 22:39:59.848709
2025-05-20 22:39:59,848 - INFO - ============================================================
2025-05-20 22:39:59,849 - INFO - Gemini API configured successfully
2025-05-20 22:39:59,849 - INFO - Processing image: /Users/ramtinabolfazli/Documents/Work/Seniors and Juniors/Program/uploads/photos/12345/WhatsApp Image 2025-05-15 at 17.41.31 (3).jpeg
2025-05-20 22:40:40,830 - ERROR - AI matching error: 429 You exceeded your current quota, please check your plan and billing details. For more information on this error, head to: https://ai.google.dev/gemini-api/docs/rate-limits. [violations {
  quota_metric: "generativelanguage.googleapis.com/generate_content_free_tier_input_token_count"
  quota_id: "GenerateContentInputTokensPerModelPerMinute-FreeTier"
  quota_dimensions {
    key: "model"
    value: "gemini-1.5-flash"
  }
  quota_dimensions {
    key: "location"
    value: "global"
  }
  quota_value: 250000
}
, links {
  description: "Learn more about Gemini API quotas"
  url: "https://ai.google.dev/gemini-api/docs/rate-limits"
}
, retry_delay {
  seconds: 24
}
]
2025-05-20 22:41:03,828 - ERROR - AI matching error: 429 You exceeded your current quota, please check your plan and billing details. For more information on this error, head to: https://ai.google.dev/gemini-api/docs/rate-limits. [violations {
  quota_metric: "generativelanguage.googleapis.com/generate_content_free_tier_input_token_count"
  quota_id: "GenerateContentInputTokensPerModelPerMinute-FreeTier"
  quota_dimensions {
    key: "model"
    value: "gemini-1.5-flash"
  }
  quota_dimensions {
    key: "location"
    value: "global"
  }
  quota_value: 250000
}
, links {
  description: "Learn more about Gemini API quotas"
  url: "https://ai.google.dev/gemini-api/docs/rate-limits"
}
, retry_delay {
  seconds: 1
}
]
2025-05-20 22:41:28,594 - ERROR - AI matching error: 429 You exceeded your current quota, please check your plan and billing details. For more information on this error, head to: https://ai.google.dev/gemini-api/docs/rate-limits. [violations {
  quota_metric: "generativelanguage.googleapis.com/generate_content_free_tier_input_token_count"
  quota_id: "GenerateContentInputTokensPerModelPerMinute-FreeTier"
  quota_dimensions {
    key: "model"
    value: "gemini-1.5-flash"
  }
  quota_dimensions {
    key: "location"
    value: "global"
  }
  quota_value: 250000
}
, links {
  description: "Learn more about Gemini API quotas"
  url: "https://ai.google.dev/gemini-api/docs/rate-limits"
}
, retry_delay {
  seconds: 36
}
]
2025-05-20 22:41:28,853 - ERROR - Equipment Processor Error: Failed to save results: [Errno 21] Is a directory: '/Users/ramtinabolfazli/Documents/Work/Seniors and Juniors/Program/output'
2025-05-21 20:15:12,075 - INFO - ============================================================
2025-05-21 20:15:12,076 - INFO - Starting equipment processing at 2025-05-21 20:15:12.076095
2025-05-21 20:15:12,076 - INFO - ============================================================
2025-05-21 20:15:12,077 - ERROR - Equipment Processor Error: OpenAI configuration failed: Missing OpenAI API key
2025-05-21 20:20:22,214 - INFO - ============================================================
2025-05-21 20:20:22,215 - INFO - Starting equipment processing at 2025-05-21 20:20:22.215292
2025-05-21 20:20:22,215 - INFO - ============================================================
2025-05-21 20:20:22,297 - INFO - OpenAI API configured successfully
2025-05-21 20:20:22,297 - INFO - Processing image: /Users/ramtinabolfazli/Documents/Work/Seniors and Juniors/Program/uploads/photos/12345/WhatsApp Image 2025-05-15 at 17.41.31 (3).jpeg
2025-05-21 20:20:28,893 - INFO - HTTP Request: POST https://api.openai.com/v1/chat/completions "HTTP/1.1 429 Too Many Requests"
2025-05-21 20:20:28,896 - INFO - Retrying request to /chat/completions in 0.385260 seconds
2025-05-21 20:20:32,966 - INFO - HTTP Request: POST https://api.openai.com/v1/chat/completions "HTTP/1.1 429 Too Many Requests"
2025-05-21 20:20:32,967 - INFO - Retrying request to /chat/completions in 0.809612 seconds
2025-05-21 20:20:37,313 - INFO - HTTP Request: POST https://api.openai.com/v1/chat/completions "HTTP/1.1 429 Too Many Requests"
2025-05-21 20:20:37,319 - ERROR - OpenAI processing failed for /Users/ramtinabolfazli/Documents/Work/Seniors and Juniors/Program/uploads/photos/12345/WhatsApp Image 2025-05-15 at 17.41.31 (3).jpeg: Error code: 429 - {'error': {'message': 'You exceeded your current quota, please check your plan and billing details. For more information on this error, read the docs: https://platform.openai.com/docs/guides/error-codes/api-errors.', 'type': 'insufficient_quota', 'param': None, 'code': 'insufficient_quota'}}
2025-05-21 20:20:37,320 - ERROR - Equipment Processor Error: No valid data extracted from images
2025-05-21 20:28:05,772 - INFO - ============================================================
2025-05-21 20:28:05,773 - INFO - Starting equipment processing at 2025-05-21 20:28:05.773092
2025-05-21 20:28:05,773 - INFO - ============================================================
2025-05-21 20:28:05,831 - INFO - OpenAI API configured successfully
2025-05-21 20:28:05,832 - INFO - Processing image: /Users/ramtinabolfazli/Documents/Work/Seniors and Juniors/Program/uploads/photos/12345/WhatsApp Image 2025-05-15 at 17.41.31 (3).jpeg
2025-05-21 20:28:11,326 - INFO - HTTP Request: POST https://api.openai.com/v1/chat/completions "HTTP/1.1 400 Bad Request"
2025-05-21 20:28:11,331 - ERROR - OpenAI processing failed for /Users/ramtinabolfazli/Documents/Work/Seniors and Juniors/Program/uploads/photos/12345/WhatsApp Image 2025-05-15 at 17.41.31 (3).jpeg: Error code: 400 - {'error': {'message': "You uploaded an unsupported image. Please make sure your image has of one the following formats: ['png', 'jpeg', 'gif', 'webp'].", 'type': 'invalid_request_error', 'param': None, 'code': 'invalid_image_format'}}
2025-05-21 20:28:11,332 - ERROR - Equipment Processor Error: No valid data extracted from images
2025-05-21 20:32:16,671 - INFO - ============================================================
2025-05-21 20:32:16,672 - INFO - Starting equipment processing at 2025-05-21 20:32:16.671940
2025-05-21 20:32:16,672 - INFO - ============================================================
2025-05-21 20:32:16,731 - INFO - OpenAI API configured successfully
2025-05-21 20:32:16,732 - INFO - Processing image: /Users/ramtinabolfazli/Documents/Work/Seniors and Juniors/Program/uploads/photos/1234789/antenna1.jpeg
2025-05-21 20:32:26,167 - INFO - HTTP Request: POST https://api.openai.com/v1/chat/completions "HTTP/1.1 400 Bad Request"
2025-05-21 20:32:26,173 - ERROR - OpenAI processing failed for /Users/ramtinabolfazli/Documents/Work/Seniors and Juniors/Program/uploads/photos/1234789/antenna1.jpeg: Error code: 400 - {'error': {'message': "You uploaded an unsupported image. Please make sure your image has of one the following formats: ['png', 'jpeg', 'gif', 'webp'].", 'type': 'invalid_request_error', 'param': None, 'code': 'invalid_image_format'}}
2025-05-21 20:32:26,173 - ERROR - Equipment Processor Error: No valid data extracted from images
2025-05-21 20:35:47,775 - INFO - ============================================================
2025-05-21 20:35:47,775 - INFO - Starting equipment processing at 2025-05-21 20:35:47.775561
2025-05-21 20:35:47,775 - INFO - ============================================================
2025-05-21 20:35:47,839 - INFO - OpenAI API configured successfully
2025-05-21 20:35:47,839 - INFO - Processing image: /Users/ramtinabolfazli/Documents/Work/Seniors and Juniors/Program/uploads/photos/1234789/antenna1.jpeg
2025-05-21 20:35:54,568 - INFO - HTTP Request: POST https://api.openai.com/v1/chat/completions "HTTP/1.1 404 Not Found"
2025-05-21 20:35:54,575 - ERROR - OpenAI processing failed for /Users/ramtinabolfazli/Documents/Work/Seniors and Juniors/Program/uploads/photos/1234789/antenna1.jpeg: Error code: 404 - {'error': {'message': 'Your organization must be verified to use the model `o4-mini`. Please go to: https://platform.openai.com/settings/organization/general and click on Verify Organization. If you just verified, it can take up to 15 minutes for access to propagate.', 'type': 'invalid_request_error', 'param': None, 'code': 'model_not_found'}}
2025-05-21 20:35:54,576 - ERROR - Equipment Processor Error: No valid data extracted from images
2025-05-21 20:40:48,106 - INFO - ============================================================
2025-05-21 20:40:48,107 - INFO - Starting equipment processing at 2025-05-21 20:40:48.107254
2025-05-21 20:40:48,107 - INFO - ============================================================
2025-05-21 20:40:48,167 - INFO - OpenAI API configured successfully
2025-05-21 20:40:48,168 - INFO - Processing image: /Users/ramtinabolfazli/Documents/Work/Seniors and Juniors/Program/uploads/photos/1234789/antenna1.jpeg
2025-05-21 20:40:54,261 - INFO - HTTP Request: POST https://api.openai.com/v1/chat/completions "HTTP/1.1 404 Not Found"
2025-05-21 20:40:54,266 - ERROR - OpenAI processing failed for /Users/ramtinabolfazli/Documents/Work/Seniors and Juniors/Program/uploads/photos/1234789/antenna1.jpeg: Error code: 404 - {'error': {'message': 'Your organization must be verified to use the model `o4-mini`. Please go to: https://platform.openai.com/settings/organization/general and click on Verify Organization. If you just verified, it can take up to 15 minutes for access to propagate.', 'type': 'invalid_request_error', 'param': None, 'code': 'model_not_found'}}
2025-05-21 20:40:54,267 - ERROR - Equipment Processor Error: No valid data extracted from images
2025-05-21 20:49:07,630 - INFO - ============================================================
2025-05-21 20:49:07,630 - INFO - Starting equipment processing at 2025-05-21 20:49:07.630667
2025-05-21 20:49:07,630 - INFO - ============================================================
2025-05-21 20:49:07,694 - INFO - OpenAI API configured successfully
2025-05-21 20:49:07,694 - INFO - Processing image: /Users/ramtinabolfazli/Documents/Work/Seniors and Juniors/Program/uploads/photos/1234789/antenna1.jpeg
2025-05-21 20:49:14,424 - INFO - HTTP Request: POST https://api.openai.com/v1/chat/completions "HTTP/1.1 404 Not Found"
2025-05-21 20:49:14,430 - ERROR - OpenAI processing failed for /Users/ramtinabolfazli/Documents/Work/Seniors and Juniors/Program/uploads/photos/1234789/antenna1.jpeg: Error code: 404 - {'error': {'message': 'Your organization must be verified to use the model `o4-mini`. Please go to: https://platform.openai.com/settings/organization/general and click on Verify Organization. If you just verified, it can take up to 15 minutes for access to propagate.', 'type': 'invalid_request_error', 'param': None, 'code': 'model_not_found'}}
2025-05-21 20:49:14,430 - ERROR - Equipment Processor Error: No valid data extracted from images
2025-05-21 20:54:04,314 - INFO - ============================================================
2025-05-21 20:54:04,315 - INFO - Starting equipment processing at 2025-05-21 20:54:04.315054
2025-05-21 20:54:04,315 - INFO - ============================================================
2025-05-21 20:54:04,348 - INFO - OpenAI API configured successfully
2025-05-21 20:54:04,348 - INFO - Processing image: /Users/ramtinabolfazli/Documents/Work/Seniors and Juniors/Program/uploads/photos/1234789/antenna1.jpeg
2025-05-21 20:54:06,608 - INFO - HTTP Request: POST https://api.openai.com/v1/chat/completions "HTTP/1.1 404 Not Found"
2025-05-21 20:54:06,619 - ERROR - OpenAI processing failed for /Users/ramtinabolfazli/Documents/Work/Seniors and Juniors/Program/uploads/photos/1234789/antenna1.jpeg: Error code: 404 - {'error': {'message': 'Your organization must be verified to use the model `o4-mini`. Please go to: https://platform.openai.com/settings/organization/general and click on Verify Organization. If you just verified, it can take up to 15 minutes for access to propagate.', 'type': 'invalid_request_error', 'param': None, 'code': 'model_not_found'}}
2025-05-21 20:54:06,620 - ERROR - Equipment Processor Error: No valid data extracted from images
2025-05-21 21:06:05,558 - INFO - ============================================================
2025-05-21 21:06:05,559 - INFO - Starting equipment processing at 2025-05-21 21:06:05.559479
2025-05-21 21:06:05,559 - INFO - ============================================================
2025-05-21 21:06:05,615 - INFO - OpenAI API configured successfully
2025-05-21 21:06:05,616 - INFO - Processing image: /Users/ramtinabolfazli/Documents/Work/Seniors and Juniors/Program/uploads/photos/1234789/antenna1.jpeg
2025-05-21 21:06:08,750 - INFO - HTTP Request: POST https://api.openai.com/v1/chat/completions "HTTP/1.1 400 Bad Request"
2025-05-21 21:06:08,753 - ERROR - OpenAI processing failed for /Users/ramtinabolfazli/Documents/Work/Seniors and Juniors/Program/uploads/photos/1234789/antenna1.jpeg: Error code: 400 - {'error': {'message': 'Invalid content type. image_url is only supported by certain models.', 'type': 'invalid_request_error', 'param': 'messages.[0].content.[1].type', 'code': None}}
2025-05-21 21:06:08,753 - ERROR - Equipment Processor Error: No valid data extracted from images
2025-05-21 21:08:25,717 - INFO - ============================================================
2025-05-21 21:08:25,718 - INFO - Starting equipment processing at 2025-05-21 21:08:25.718072
2025-05-21 21:08:25,718 - INFO - ============================================================
2025-05-21 21:08:25,778 - INFO - OpenAI API configured successfully
2025-05-21 21:08:25,778 - INFO - Processing image: /Users/ramtinabolfazli/Documents/Work/Seniors and Juniors/Program/uploads/photos/1234789/antenna1.jpeg
2025-05-21 21:08:35,810 - INFO - HTTP Request: POST https://api.openai.com/v1/chat/completions "HTTP/1.1 200 OK"
2025-05-21 21:08:44,988 - ERROR - Equipment Processor Error: Failed to save results: [Errno 21] Is a directory: '/Users/ramtinabolfazli/Documents/Work/Seniors and Juniors/Program/output'
2025-05-21 21:12:14,054 - INFO - ============================================================
2025-05-21 21:12:14,055 - INFO - Starting equipment processing at 2025-05-21 21:12:14.054951
2025-05-21 21:12:14,055 - INFO - ============================================================
2025-05-21 21:12:14,118 - INFO - OpenAI API configured successfully
2025-05-21 21:12:14,119 - INFO - Processing image: /Users/ramtinabolfazli/Documents/Work/Seniors and Juniors/Program/uploads/photos/1234789/antenna1.jpeg
2025-05-21 21:12:24,865 - INFO - HTTP Request: POST https://api.openai.com/v1/chat/completions "HTTP/1.1 200 OK"
2025-05-21 21:12:33,575 - INFO - Results saved to: /Users/ramtinabolfazli/Documents/Work/Seniors and Juniors/Program/equipment_inventory.csv
2025-05-21 21:28:33,278 - INFO - ============================================================
2025-05-21 21:28:33,279 - INFO - Starting equipment processing at 2025-05-21 21:28:33.279252
2025-05-21 21:28:33,279 - INFO - ============================================================
2025-05-21 21:28:33,348 - INFO - OpenAI API configured successfully
2025-05-21 21:28:33,348 - INFO - Processing image: /Users/ramtinabolfazli/Documents/Work/Seniors and Juniors/Program/uploads/photos/1234789/antenna1.jpeg
2025-05-21 21:28:43,732 - INFO - HTTP Request: POST https://api.openai.com/v1/chat/completions "HTTP/1.1 200 OK"
2025-05-21 21:28:52,549 - INFO - Results saved to: /Users/ramtinabolfazli/Documents/Work/Seniors and Juniors/Program/output/equipment_inventory.csv
2025-05-21 21:29:38,893 - INFO - ============================================================
2025-05-21 21:29:38,893 - INFO - Starting equipment processing at 2025-05-21 21:29:38.893405
2025-05-21 21:29:38,893 - INFO - ============================================================
2025-05-21 21:29:38,924 - INFO - OpenAI API configured successfully
2025-05-21 21:29:38,924 - INFO - Processing image: /Users/ramtinabolfazli/Documents/Work/Seniors and Juniors/Program/uploads/photos/1234789/antenna1.jpeg
2025-05-21 21:29:49,167 - INFO - HTTP Request: POST https://api.openai.com/v1/chat/completions "HTTP/1.1 200 OK"
2025-05-21 21:29:58,052 - INFO - Results saved to: /Users/ramtinabolfazli/Documents/Work/Seniors and Juniors/Program/output/equipment_inventory.csv
2025-05-21 21:30:59,137 - INFO - ============================================================
2025-05-21 21:30:59,138 - INFO - Starting equipment processing at 2025-05-21 21:30:59.138333
2025-05-21 21:30:59,138 - INFO - ============================================================
2025-05-21 21:30:59,163 - INFO - OpenAI API configured successfully
2025-05-21 21:30:59,164 - INFO - Processing image: /Users/ramtinabolfazli/Documents/Work/Seniors and Juniors/Program/uploads/photos/132232/WhatsApp Image 2025-05-15 at 17.41.31 (3).jpeg
2025-05-21 21:31:13,651 - INFO - HTTP Request: POST https://api.openai.com/v1/chat/completions "HTTP/1.1 200 OK"
2025-05-21 21:31:39,034 - INFO - Results saved to: /Users/ramtinabolfazli/Documents/Work/Seniors and Juniors/Program/output/equipment_inventory.csv
2025-05-21 21:44:19,281 - INFO - ============================================================
2025-05-21 21:44:19,281 - INFO - Starting equipment processing at 2025-05-21 21:44:19.281803
2025-05-21 21:44:19,281 - INFO - ============================================================
2025-05-21 21:44:19,389 - INFO - OpenAI API configured successfully
2025-05-21 21:44:19,389 - INFO - Processing image: /Users/ramtinabolfazli/Documents/Work/Seniors and Juniors/Program/uploads/photos/132232/WhatsApp Image 2025-05-15 at 17.41.31 (3).jpeg
2025-05-21 21:44:32,508 - INFO - HTTP Request: POST https://api.openai.com/v1/chat/completions "HTTP/1.1 200 OK"
2025-05-21 21:44:58,031 - INFO - Results saved to: /Users/ramtinabolfazli/Documents/Work/Seniors and Juniors/Program/output/equipment_inventory.csv
2025-05-21 21:58:28,137 - INFO - ============================================================
2025-05-21 21:58:28,138 - INFO - Starting equipment processing at 2025-05-21 21:58:28.138137
2025-05-21 21:58:28,138 - INFO - ============================================================
2025-05-21 21:58:28,196 - INFO - OpenAI API configured successfully
2025-05-21 21:58:28,197 - INFO - Processing image: /Users/ramtinabolfazli/Documents/Work/Seniors and Juniors/Program/uploads/photos/132232/WhatsApp Image 2025-05-15 at 17.41.31 (3).jpeg
2025-05-21 21:58:39,901 - INFO - HTTP Request: POST https://api.openai.com/v1/chat/completions "HTTP/1.1 200 OK"
2025-05-21 21:59:05,170 - INFO - Results saved to: /Users/ramtinabolfazli/Documents/Work/Seniors and Juniors/Program/output/equipment_inventory.csv
2025-05-21 22:39:50,791 - INFO - ============================================================
2025-05-21 22:39:50,792 - INFO - Starting equipment processing at 2025-05-21 22:39:50.791938
2025-05-21 22:39:50,792 - INFO - ============================================================
2025-05-21 22:39:50,848 - INFO - OpenAI API configured successfully
2025-05-21 22:39:50,849 - INFO - Processing image: /Users/ramtinabolfazli/Documents/Work/Seniors and Juniors/Program/uploads/photos/132232/WhatsApp Image 2025-05-15 at 17.41.31 (3).jpeg
2025-05-21 22:40:04,101 - INFO - HTTP Request: POST https://api.openai.com/v1/chat/completions "HTTP/1.1 200 OK"
2025-05-21 22:40:04,125 - ERROR - JSON decode error in /Users/ramtinabolfazli/Documents/Work/Seniors and Juniors/Program/uploads/photos/132232/WhatsApp Image 2025-05-15 at 17.41.31 (3).jpeg: Extra data: line 4 column 1 (char 5)
2025-05-21 22:40:04,125 - ERROR - Equipment Processor Error: No valid data extracted from images
2025-05-21 22:45:40,346 - INFO - ============================================================
2025-05-21 22:45:40,347 - INFO - Starting equipment processing at 2025-05-21 22:45:40.347349
2025-05-21 22:45:40,347 - INFO - ============================================================
2025-05-21 22:45:40,403 - INFO - OpenAI API configured successfully
2025-05-21 22:45:40,404 - INFO - Processing image: /Users/ramtinabolfazli/Documents/Work/Seniors and Juniors/Program/uploads/photos/132232/WhatsApp Image 2025-05-15 at 17.41.31 (3).jpeg
2025-05-21 22:45:54,111 - INFO - HTTP Request: POST https://api.openai.com/v1/chat/completions "HTTP/1.1 200 OK"
2025-05-21 22:46:19,614 - INFO - Results saved to: /Users/ramtinabolfazli/Documents/Work/Seniors and Juniors/Program/output/equipment_inventory.csv
2025-05-21 22:59:39,812 - INFO - ============================================================
2025-05-21 22:59:39,813 - INFO - Starting equipment processing at 2025-05-21 22:59:39.812935
2025-05-21 22:59:39,813 - INFO - ============================================================
2025-05-21 22:59:39,875 - INFO - OpenAI API configured successfully
2025-05-21 22:59:39,876 - INFO - Processing image: /Users/ramtinabolfazli/Documents/Work/Seniors and Juniors/Program/uploads/photos/132232123123/IMG-20241217-WA0049.jpg
2025-05-21 22:59:47,154 - INFO - HTTP Request: POST https://api.openai.com/v1/chat/completions "HTTP/1.1 200 OK"
2025-05-21 22:59:47,174 - INFO - Processing image: /Users/ramtinabolfazli/Documents/Work/Seniors and Juniors/Program/uploads/photos/132232123123/IMG-20241217-WA0048.jpg
2025-05-21 22:59:57,694 - INFO - HTTP Request: POST https://api.openai.com/v1/chat/completions "HTTP/1.1 200 OK"
2025-05-21 22:59:57,701 - INFO - Processing image: /Users/ramtinabolfazli/Documents/Work/Seniors and Juniors/Program/uploads/photos/132232123123/IMG-20241217-WA0051.jpg
2025-05-21 23:00:06,295 - INFO - HTTP Request: POST https://api.openai.com/v1/chat/completions "HTTP/1.1 200 OK"
2025-05-21 23:00:06,299 - INFO - Processing image: /Users/ramtinabolfazli/Documents/Work/Seniors and Juniors/Program/uploads/photos/132232123123/IMG-20241217-WA0050.jpg
2025-05-21 23:00:14,449 - INFO - HTTP Request: POST https://api.openai.com/v1/chat/completions "HTTP/1.1 200 OK"
2025-05-21 23:00:14,454 - INFO - Processing image: /Users/ramtinabolfazli/Documents/Work/Seniors and Juniors/Program/uploads/photos/132232123123/IMG-20241217-WA0052.jpg
2025-05-21 23:00:19,402 - INFO - HTTP Request: POST https://api.openai.com/v1/chat/completions "HTTP/1.1 200 OK"
2025-05-21 23:00:19,406 - INFO - Processing image: /Users/ramtinabolfazli/Documents/Work/Seniors and Juniors/Program/uploads/photos/132232123123/IMG-20241217-WA0053.jpg
2025-05-21 23:00:27,800 - INFO - HTTP Request: POST https://api.openai.com/v1/chat/completions "HTTP/1.1 200 OK"
2025-05-21 23:00:58,431 - INFO - Results saved to: /Users/ramtinabolfazli/Documents/Work/Seniors and Juniors/Program/output/equipment_inventory.csv
2025-05-22 16:31:38,655 - INFO - ============================================================
2025-05-22 16:31:38,656 - INFO - Starting equipment processing at 2025-05-22 16:31:38.656293
2025-05-22 16:31:38,656 - INFO - ============================================================
2025-05-22 16:31:38,716 - INFO - OpenAI API configured successfully
2025-05-22 16:31:38,716 - INFO - Processing image: /Users/ramtinabolfazli/Documents/Work/Seniors and Juniors/Program/uploads/photos/132232123123/IMG-20241217-WA0049.jpg
2025-05-22 16:31:45,791 - INFO - HTTP Request: POST https://api.openai.com/v1/chat/completions "HTTP/1.1 200 OK"
2025-05-22 16:31:45,809 - INFO - Processing image: /Users/ramtinabolfazli/Documents/Work/Seniors and Juniors/Program/uploads/photos/132232123123/IMG-20241217-WA0048.jpg
2025-05-22 16:31:56,067 - INFO - HTTP Request: POST https://api.openai.com/v1/chat/completions "HTTP/1.1 200 OK"
2025-05-22 16:31:56,071 - INFO - Processing image: /Users/ramtinabolfazli/Documents/Work/Seniors and Juniors/Program/uploads/photos/132232123123/IMG-20241217-WA0051.jpg
2025-05-22 16:32:06,465 - INFO - HTTP Request: POST https://api.openai.com/v1/chat/completions "HTTP/1.1 200 OK"
2025-05-22 16:32:06,478 - INFO - Processing image: /Users/ramtinabolfazli/Documents/Work/Seniors and Juniors/Program/uploads/photos/132232123123/IMG-20241217-WA0050.jpg
2025-05-22 16:32:15,632 - INFO - HTTP Request: POST https://api.openai.com/v1/chat/completions "HTTP/1.1 200 OK"
2025-05-22 16:32:15,638 - INFO - Processing image: /Users/ramtinabolfazli/Documents/Work/Seniors and Juniors/Program/uploads/photos/132232123123/IMG-20241217-WA0052.jpg
2025-05-22 16:32:22,289 - INFO - HTTP Request: POST https://api.openai.com/v1/chat/completions "HTTP/1.1 200 OK"
2025-05-22 16:32:22,294 - ERROR - JSON decode error in /Users/ramtinabolfazli/Documents/Work/Seniors and Juniors/Program/uploads/photos/132232123123/IMG-20241217-WA0052.jpg: Extra data: line 3 column 1 (char 4)
2025-05-22 16:32:22,294 - INFO - Processing image: /Users/ramtinabolfazli/Documents/Work/Seniors and Juniors/Program/uploads/photos/132232123123/IMG-20241217-WA0053.jpg
2025-05-22 16:32:30,074 - INFO - HTTP Request: POST https://api.openai.com/v1/chat/completions "HTTP/1.1 200 OK"
2025-05-22 16:32:55,312 - INFO - Results saved to: /Users/ramtinabolfazli/Documents/Work/Seniors and Juniors/Program/output/equipment_inventory.csv
2025-05-22 16:36:15,020 - INFO - ============================================================
2025-05-22 16:36:15,021 - INFO - Starting equipment processing at 2025-05-22 16:36:15.021730
2025-05-22 16:36:15,022 - INFO - ============================================================
2025-05-22 16:36:15,086 - INFO - OpenAI API configured successfully
2025-05-22 16:36:15,086 - INFO - Processing image: /Users/ramtinabolfazli/Documents/Work/Seniors and Juniors/Program/uploads/photos/777/IMG-20250328-WA0144.jpg
2025-05-22 16:36:49,882 - INFO - HTTP Request: POST https://api.openai.com/v1/chat/completions "HTTP/1.1 200 OK"
2025-05-22 16:36:49,907 - INFO - Processing image: /Users/ramtinabolfazli/Documents/Work/Seniors and Juniors/Program/uploads/photos/777/IMG-20250328-WA0145.jpg
2025-05-22 16:37:21,301 - INFO - HTTP Request: POST https://api.openai.com/v1/chat/completions "HTTP/1.1 200 OK"
2025-05-22 16:37:21,309 - INFO - Processing image: /Users/ramtinabolfazli/Documents/Work/Seniors and Juniors/Program/uploads/photos/777/IMG-20250328-WA0146.jpg
2025-05-22 16:37:50,688 - INFO - HTTP Request: POST https://api.openai.com/v1/chat/completions "HTTP/1.1 200 OK"
2025-05-22 16:38:05,398 - INFO - Results saved to: /Users/ramtinabolfazli/Documents/Work/Seniors and Juniors/Program/output/equipment_inventory.csv
2025-05-22 16:47:21,224 - INFO - ============================================================
2025-05-22 16:47:21,226 - INFO - Starting equipment processing at 2025-05-22 16:47:21.226002
2025-05-22 16:47:21,226 - INFO - ============================================================
2025-05-22 16:47:21,288 - INFO - OpenAI API configured successfully
2025-05-22 16:47:21,288 - INFO - Processing image: /Users/ramtinabolfazli/Documents/Work/Seniors and Juniors/Program/uploads/photos/777/IMG-20250328-WA0144.jpg
2025-05-22 16:48:20,470 - INFO - HTTP Request: POST https://api.openai.com/v1/chat/completions "HTTP/1.1 400 Bad Request"
2025-05-22 16:48:20,482 - ERROR - OpenAI processing failed for /Users/ramtinabolfazli/Documents/Work/Seniors and Juniors/Program/uploads/photos/777/IMG-20250328-WA0144.jpg: Error code: 400 - {'error': {'message': "Unsupported parameter: 'max_tokens' is not supported with this model. Use 'max_completion_tokens' instead.", 'type': 'invalid_request_error', 'param': 'max_tokens', 'code': 'unsupported_parameter'}}
2025-05-22 16:48:20,483 - INFO - Processing image: /Users/ramtinabolfazli/Documents/Work/Seniors and Juniors/Program/uploads/photos/777/IMG-20250328-WA0145.jpg
2025-05-22 16:48:48,518 - INFO - HTTP Request: POST https://api.openai.com/v1/chat/completions "HTTP/1.1 400 Bad Request"
2025-05-22 16:48:48,529 - ERROR - OpenAI processing failed for /Users/ramtinabolfazli/Documents/Work/Seniors and Juniors/Program/uploads/photos/777/IMG-20250328-WA0145.jpg: Error code: 400 - {'error': {'message': "Unsupported parameter: 'max_tokens' is not supported with this model. Use 'max_completion_tokens' instead.", 'type': 'invalid_request_error', 'param': 'max_tokens', 'code': 'unsupported_parameter'}}
2025-05-22 16:48:48,530 - INFO - Processing image: /Users/ramtinabolfazli/Documents/Work/Seniors and Juniors/Program/uploads/photos/777/IMG-20250328-WA0146.jpg
2025-05-22 16:49:12,369 - INFO - HTTP Request: POST https://api.openai.com/v1/chat/completions "HTTP/1.1 400 Bad Request"
2025-05-22 16:49:12,372 - ERROR - OpenAI processing failed for /Users/ramtinabolfazli/Documents/Work/Seniors and Juniors/Program/uploads/photos/777/IMG-20250328-WA0146.jpg: Error code: 400 - {'error': {'message': "Unsupported parameter: 'max_tokens' is not supported with this model. Use 'max_completion_tokens' instead.", 'type': 'invalid_request_error', 'param': 'max_tokens', 'code': 'unsupported_parameter'}}
2025-05-22 16:49:12,373 - ERROR - Equipment Processor Error: No valid data extracted from images
2025-05-22 16:51:42,310 - INFO - ============================================================
2025-05-22 16:51:42,311 - INFO - Starting equipment processing at 2025-05-22 16:51:42.311398
2025-05-22 16:51:42,311 - INFO - ============================================================
2025-05-22 16:51:42,367 - INFO - OpenAI API configured successfully
2025-05-22 16:51:42,368 - INFO - Processing image: /Users/ramtinabolfazli/Documents/Work/Seniors and Juniors/Program/uploads/photos/777/IMG-20250328-WA0144.jpg
2025-05-22 16:52:18,958 - INFO - HTTP Request: POST https://api.openai.com/v1/chat/completions "HTTP/1.1 400 Bad Request"
2025-05-22 16:52:18,975 - ERROR - OpenAI processing failed for /Users/ramtinabolfazli/Documents/Work/Seniors and Juniors/Program/uploads/photos/777/IMG-20250328-WA0144.jpg: Error code: 400 - {'error': {'message': "Unsupported value: 'temperature' does not support 0.1 with this model. Only the default (1) value is supported.", 'type': 'invalid_request_error', 'param': 'temperature', 'code': 'unsupported_value'}}
2025-05-22 16:52:18,976 - INFO - Processing image: /Users/ramtinabolfazli/Documents/Work/Seniors and Juniors/Program/uploads/photos/777/IMG-20250328-WA0145.jpg
2025-05-22 16:52:50,789 - INFO - HTTP Request: POST https://api.openai.com/v1/chat/completions "HTTP/1.1 400 Bad Request"
2025-05-22 16:52:50,796 - ERROR - OpenAI processing failed for /Users/ramtinabolfazli/Documents/Work/Seniors and Juniors/Program/uploads/photos/777/IMG-20250328-WA0145.jpg: Error code: 400 - {'error': {'message': "Unsupported value: 'temperature' does not support 0.1 with this model. Only the default (1) value is supported.", 'type': 'invalid_request_error', 'param': 'temperature', 'code': 'unsupported_value'}}
2025-05-22 16:52:50,796 - INFO - Processing image: /Users/ramtinabolfazli/Documents/Work/Seniors and Juniors/Program/uploads/photos/777/IMG-20250328-WA0146.jpg
2025-05-22 16:53:14,551 - INFO - HTTP Request: POST https://api.openai.com/v1/chat/completions "HTTP/1.1 400 Bad Request"
2025-05-22 16:53:14,557 - ERROR - OpenAI processing failed for /Users/ramtinabolfazli/Documents/Work/Seniors and Juniors/Program/uploads/photos/777/IMG-20250328-WA0146.jpg: Error code: 400 - {'error': {'message': "Unsupported value: 'temperature' does not support 0.1 with this model. Only the default (1) value is supported.", 'type': 'invalid_request_error', 'param': 'temperature', 'code': 'unsupported_value'}}
2025-05-22 16:53:14,558 - ERROR - Equipment Processor Error: No valid data extracted from images
2025-05-22 16:53:52,421 - INFO - ============================================================
2025-05-22 16:53:52,421 - INFO - Starting equipment processing at 2025-05-22 16:53:52.421429
2025-05-22 16:53:52,421 - INFO - ============================================================
2025-05-22 16:53:52,495 - INFO - OpenAI API configured successfully
2025-05-22 16:53:52,495 - INFO - Processing image: /Users/ramtinabolfazli/Documents/Work/Seniors and Juniors/Program/uploads/photos/777/IMG-20250328-WA0144.jpg
2025-05-22 16:54:38,464 - INFO - HTTP Request: POST https://api.openai.com/v1/chat/completions "HTTP/1.1 200 OK"
2025-05-22 16:54:38,500 - INFO - Processing image: /Users/ramtinabolfazli/Documents/Work/Seniors and Juniors/Program/uploads/photos/777/IMG-20250328-WA0145.jpg
2025-05-22 16:55:19,999 - INFO - HTTP Request: POST https://api.openai.com/v1/chat/completions "HTTP/1.1 200 OK"
2025-05-22 16:55:20,012 - INFO - Processing image: /Users/ramtinabolfazli/Documents/Work/Seniors and Juniors/Program/uploads/photos/777/IMG-20250328-WA0146.jpg
2025-05-22 16:55:57,232 - INFO - HTTP Request: POST https://api.openai.com/v1/chat/completions "HTTP/1.1 200 OK"
2025-05-22 16:56:06,225 - INFO - Results saved to: /Users/ramtinabolfazli/Documents/Work/Seniors and Juniors/Program/output/equipment_inventory.csv
2025-05-22 16:58:08,754 - INFO - ============================================================
2025-05-22 16:58:08,755 - INFO - Starting equipment processing at 2025-05-22 16:58:08.755598
2025-05-22 16:58:08,755 - INFO - ============================================================
2025-05-22 16:58:08,793 - INFO - OpenAI API configured successfully
2025-05-22 16:58:08,793 - INFO - Processing image: /Users/ramtinabolfazli/Documents/Work/Seniors and Juniors/Program/uploads/photos/7778/IMG-20241217-WA0049.jpg
2025-05-22 16:58:19,282 - INFO - HTTP Request: POST https://api.openai.com/v1/chat/completions "HTTP/1.1 200 OK"
2025-05-22 16:58:19,303 - INFO - Processing image: /Users/ramtinabolfazli/Documents/Work/Seniors and Juniors/Program/uploads/photos/7778/IMG-20241217-WA0048.jpg
2025-05-22 16:58:34,226 - INFO - HTTP Request: POST https://api.openai.com/v1/chat/completions "HTTP/1.1 200 OK"
2025-05-22 16:58:34,235 - INFO - Processing image: /Users/ramtinabolfazli/Documents/Work/Seniors and Juniors/Program/uploads/photos/7778/IMG-20241217-WA0051.jpg
2025-05-22 16:58:50,064 - INFO - HTTP Request: POST https://api.openai.com/v1/chat/completions "HTTP/1.1 200 OK"
2025-05-22 16:58:50,069 - INFO - Processing image: /Users/ramtinabolfazli/Documents/Work/Seniors and Juniors/Program/uploads/photos/7778/IMG-20241217-WA0050.jpg
2025-05-22 16:59:01,979 - INFO - HTTP Request: POST https://api.openai.com/v1/chat/completions "HTTP/1.1 200 OK"
2025-05-22 16:59:01,992 - INFO - Processing image: /Users/ramtinabolfazli/Documents/Work/Seniors and Juniors/Program/uploads/photos/7778/IMG-20241217-WA0052.jpg
2025-05-22 16:59:09,471 - INFO - HTTP Request: POST https://api.openai.com/v1/chat/completions "HTTP/1.1 200 OK"
2025-05-22 16:59:09,475 - INFO - Processing image: /Users/ramtinabolfazli/Documents/Work/Seniors and Juniors/Program/uploads/photos/7778/IMG-20241217-WA0053.jpg
2025-05-22 16:59:26,553 - INFO - HTTP Request: POST https://api.openai.com/v1/chat/completions "HTTP/1.1 200 OK"
2025-05-22 16:59:26,559 - WARNING - No content returned from OpenAI for image: /Users/ramtinabolfazli/Documents/Work/Seniors and Juniors/Program/uploads/photos/7778/IMG-20241217-WA0053.jpg
2025-05-22 16:59:51,451 - INFO - Results saved to: /Users/ramtinabolfazli/Documents/Work/Seniors and Juniors/Program/output/equipment_inventory.csv
2025-05-23 10:09:39,580 - INFO - ============================================================
2025-05-23 10:09:39,580 - INFO - Starting equipment processing at 2025-05-23 10:09:39.580675
2025-05-23 10:09:39,580 - INFO - ============================================================
2025-05-23 10:09:39,638 - INFO - OpenAI API configured successfully
2025-05-23 10:09:39,639 - INFO - Processing image: /Users/ramtinabolfazli/Documents/Work/Seniors and Juniors/Program/uploads/photos/7778/IMG-20241217-WA0049.jpg
2025-05-23 10:09:40,109 - ERROR - OpenAI processing failed for /Users/ramtinabolfazli/Documents/Work/Seniors and Juniors/Program/uploads/photos/7778/IMG-20241217-WA0049.jpg: Invalid format specifier ' "T0M1049689",
    "part_number" : "KRE1012283/1",
    "asset_Tag" : " ",
    "description" : Antenna 8 port 65 degree
    
' for object of type 'str'
2025-05-23 10:09:40,109 - INFO - Processing image: /Users/ramtinabolfazli/Documents/Work/Seniors and Juniors/Program/uploads/photos/7778/IMG-20241217-WA0048.jpg
2025-05-23 10:09:40,823 - ERROR - OpenAI processing failed for /Users/ramtinabolfazli/Documents/Work/Seniors and Juniors/Program/uploads/photos/7778/IMG-20241217-WA0048.jpg: Invalid format specifier ' "T0M1049689",
    "part_number" : "KRE1012283/1",
    "asset_Tag" : " ",
    "description" : Antenna 8 port 65 degree
    
' for object of type 'str'
2025-05-23 10:09:40,823 - INFO - Processing image: /Users/ramtinabolfazli/Documents/Work/Seniors and Juniors/Program/uploads/photos/7778/IMG-20241217-WA0051.jpg
2025-05-23 10:09:41,400 - ERROR - OpenAI processing failed for /Users/ramtinabolfazli/Documents/Work/Seniors and Juniors/Program/uploads/photos/7778/IMG-20241217-WA0051.jpg: Invalid format specifier ' "T0M1049689",
    "part_number" : "KRE1012283/1",
    "asset_Tag" : " ",
    "description" : Antenna 8 port 65 degree
    
' for object of type 'str'
2025-05-23 10:09:41,400 - INFO - Processing image: /Users/ramtinabolfazli/Documents/Work/Seniors and Juniors/Program/uploads/photos/7778/IMG-20241217-WA0050.jpg
2025-05-23 10:09:41,942 - ERROR - OpenAI processing failed for /Users/ramtinabolfazli/Documents/Work/Seniors and Juniors/Program/uploads/photos/7778/IMG-20241217-WA0050.jpg: Invalid format specifier ' "T0M1049689",
    "part_number" : "KRE1012283/1",
    "asset_Tag" : " ",
    "description" : Antenna 8 port 65 degree
    
' for object of type 'str'
2025-05-23 10:09:41,942 - INFO - Processing image: /Users/ramtinabolfazli/Documents/Work/Seniors and Juniors/Program/uploads/photos/7778/IMG-20241217-WA0052.jpg
2025-05-23 10:09:42,361 - ERROR - OpenAI processing failed for /Users/ramtinabolfazli/Documents/Work/Seniors and Juniors/Program/uploads/photos/7778/IMG-20241217-WA0052.jpg: Invalid format specifier ' "T0M1049689",
    "part_number" : "KRE1012283/1",
    "asset_Tag" : " ",
    "description" : Antenna 8 port 65 degree
    
' for object of type 'str'
2025-05-23 10:09:42,362 - INFO - Processing image: /Users/ramtinabolfazli/Documents/Work/Seniors and Juniors/Program/uploads/photos/7778/IMG-20241217-WA0053.jpg
2025-05-23 10:09:42,852 - ERROR - OpenAI processing failed for /Users/ramtinabolfazli/Documents/Work/Seniors and Juniors/Program/uploads/photos/7778/IMG-20241217-WA0053.jpg: Invalid format specifier ' "T0M1049689",
    "part_number" : "KRE1012283/1",
    "asset_Tag" : " ",
    "description" : Antenna 8 port 65 degree
    
' for object of type 'str'
2025-05-23 10:09:42,852 - ERROR - Equipment Processor Error: No valid data extracted from images
2025-05-23 10:22:42,816 - INFO - ============================================================
2025-05-23 10:22:42,817 - INFO - Starting equipment processing at 2025-05-23 10:22:42.817436
2025-05-23 10:22:42,817 - INFO - ============================================================
2025-05-23 10:22:42,877 - INFO - OpenAI API configured successfully
2025-05-23 10:22:42,878 - INFO - Processing image: /Users/ramtinabolfazli/Documents/Work/Seniors and Juniors/Program/uploads/photos/7778/IMG-20241217-WA0049.jpg
2025-05-23 10:23:00,097 - INFO - HTTP Request: POST https://api.openai.com/v1/chat/completions "HTTP/1.1 200 OK"
2025-05-23 10:23:00,115 - INFO - Processing image: /Users/ramtinabolfazli/Documents/Work/Seniors and Juniors/Program/uploads/photos/7778/IMG-20241217-WA0048.jpg
2025-05-23 10:23:21,806 - INFO - HTTP Request: POST https://api.openai.com/v1/chat/completions "HTTP/1.1 200 OK"
2025-05-23 10:23:21,818 - WARNING - No content returned from OpenAI for image: /Users/ramtinabolfazli/Documents/Work/Seniors and Juniors/Program/uploads/photos/7778/IMG-20241217-WA0048.jpg
2025-05-23 10:23:21,819 - INFO - Processing image: /Users/ramtinabolfazli/Documents/Work/Seniors and Juniors/Program/uploads/photos/7778/IMG-20241217-WA0051.jpg
2025-05-23 10:23:37,758 - INFO - HTTP Request: POST https://api.openai.com/v1/chat/completions "HTTP/1.1 200 OK"
2025-05-23 10:23:37,775 - INFO - Processing image: /Users/ramtinabolfazli/Documents/Work/Seniors and Juniors/Program/uploads/photos/7778/IMG-20241217-WA0050.jpg
2025-05-23 10:23:58,806 - INFO - HTTP Request: POST https://api.openai.com/v1/chat/completions "HTTP/1.1 200 OK"
2025-05-23 10:23:58,822 - INFO - Processing image: /Users/ramtinabolfazli/Documents/Work/Seniors and Juniors/Program/uploads/photos/7778/IMG-20241217-WA0052.jpg
2025-05-23 10:24:07,298 - INFO - HTTP Request: POST https://api.openai.com/v1/chat/completions "HTTP/1.1 200 OK"
2025-05-23 10:24:07,304 - INFO - Processing image: /Users/ramtinabolfazli/Documents/Work/Seniors and Juniors/Program/uploads/photos/7778/IMG-20241217-WA0053.jpg
2025-05-23 10:24:29,547 - INFO - HTTP Request: POST https://api.openai.com/v1/chat/completions "HTTP/1.1 200 OK"
2025-05-23 10:24:29,557 - WARNING - No content returned from OpenAI for image: /Users/ramtinabolfazli/Documents/Work/Seniors and Juniors/Program/uploads/photos/7778/IMG-20241217-WA0053.jpg
2025-05-23 10:24:50,312 - INFO - Results saved to: /Users/ramtinabolfazli/Documents/Work/Seniors and Juniors/Program/output/equipment_inventory.csv
2025-05-23 10:34:28,269 - INFO - ============================================================
2025-05-23 10:34:28,270 - INFO - Starting equipment processing at 2025-05-23 10:34:28.270363
2025-05-23 10:34:28,270 - INFO - ============================================================
2025-05-23 10:34:28,328 - INFO - OpenAI API configured successfully
2025-05-23 10:34:28,329 - INFO - Processing image: /Users/ramtinabolfazli/Documents/Work/Seniors and Juniors/Program/uploads/photos/7778/IMG-20241217-WA0049.jpg
2025-05-23 10:34:31,793 - INFO - HTTP Request: POST https://api.openai.com/v1/chat/completions "HTTP/1.1 404 Not Found"
2025-05-23 10:34:31,800 - ERROR - OpenAI processing failed for /Users/ramtinabolfazli/Documents/Work/Seniors and Juniors/Program/uploads/photos/7778/IMG-20241217-WA0049.jpg: Error code: 404 - {'error': {'message': 'The model `gpt-4-vision-preview` has been deprecated, learn more here: https://platform.openai.com/docs/deprecations', 'type': 'invalid_request_error', 'param': None, 'code': 'model_not_found'}}
2025-05-23 10:34:31,801 - INFO - Processing image: /Users/ramtinabolfazli/Documents/Work/Seniors and Juniors/Program/uploads/photos/7778/IMG-20241217-WA0048.jpg
2025-05-23 10:34:36,516 - INFO - HTTP Request: POST https://api.openai.com/v1/chat/completions "HTTP/1.1 404 Not Found"
2025-05-23 10:34:36,522 - ERROR - OpenAI processing failed for /Users/ramtinabolfazli/Documents/Work/Seniors and Juniors/Program/uploads/photos/7778/IMG-20241217-WA0048.jpg: Error code: 404 - {'error': {'message': 'The model `gpt-4-vision-preview` has been deprecated, learn more here: https://platform.openai.com/docs/deprecations', 'type': 'invalid_request_error', 'param': None, 'code': 'model_not_found'}}
2025-05-23 10:34:36,522 - INFO - Processing image: /Users/ramtinabolfazli/Documents/Work/Seniors and Juniors/Program/uploads/photos/7778/IMG-20241217-WA0051.jpg
2025-05-23 10:34:40,442 - INFO - HTTP Request: POST https://api.openai.com/v1/chat/completions "HTTP/1.1 404 Not Found"
2025-05-23 10:34:40,445 - ERROR - OpenAI processing failed for /Users/ramtinabolfazli/Documents/Work/Seniors and Juniors/Program/uploads/photos/7778/IMG-20241217-WA0051.jpg: Error code: 404 - {'error': {'message': 'The model `gpt-4-vision-preview` has been deprecated, learn more here: https://platform.openai.com/docs/deprecations', 'type': 'invalid_request_error', 'param': None, 'code': 'model_not_found'}}
2025-05-23 10:34:40,445 - INFO - Processing image: /Users/ramtinabolfazli/Documents/Work/Seniors and Juniors/Program/uploads/photos/7778/IMG-20241217-WA0050.jpg
2025-05-23 10:34:44,241 - INFO - HTTP Request: POST https://api.openai.com/v1/chat/completions "HTTP/1.1 404 Not Found"
2025-05-23 10:34:44,243 - ERROR - OpenAI processing failed for /Users/ramtinabolfazli/Documents/Work/Seniors and Juniors/Program/uploads/photos/7778/IMG-20241217-WA0050.jpg: Error code: 404 - {'error': {'message': 'The model `gpt-4-vision-preview` has been deprecated, learn more here: https://platform.openai.com/docs/deprecations', 'type': 'invalid_request_error', 'param': None, 'code': 'model_not_found'}}
2025-05-23 10:34:44,244 - INFO - Processing image: /Users/ramtinabolfazli/Documents/Work/Seniors and Juniors/Program/uploads/photos/7778/IMG-20241217-WA0052.jpg
2025-05-23 10:34:46,649 - INFO - HTTP Request: POST https://api.openai.com/v1/chat/completions "HTTP/1.1 404 Not Found"
2025-05-23 10:34:46,651 - ERROR - OpenAI processing failed for /Users/ramtinabolfazli/Documents/Work/Seniors and Juniors/Program/uploads/photos/7778/IMG-20241217-WA0052.jpg: Error code: 404 - {'error': {'message': 'The model `gpt-4-vision-preview` has been deprecated, learn more here: https://platform.openai.com/docs/deprecations', 'type': 'invalid_request_error', 'param': None, 'code': 'model_not_found'}}
2025-05-23 10:34:46,652 - INFO - Processing image: /Users/ramtinabolfazli/Documents/Work/Seniors and Juniors/Program/uploads/photos/7778/IMG-20241217-WA0053.jpg
2025-05-23 10:34:49,848 - INFO - HTTP Request: POST https://api.openai.com/v1/chat/completions "HTTP/1.1 404 Not Found"
2025-05-23 10:34:49,850 - ERROR - OpenAI processing failed for /Users/ramtinabolfazli/Documents/Work/Seniors and Juniors/Program/uploads/photos/7778/IMG-20241217-WA0053.jpg: Error code: 404 - {'error': {'message': 'The model `gpt-4-vision-preview` has been deprecated, learn more here: https://platform.openai.com/docs/deprecations', 'type': 'invalid_request_error', 'param': None, 'code': 'model_not_found'}}
2025-05-23 10:34:49,850 - ERROR - Equipment Processor Error: No valid data extracted from images
2025-05-23 11:00:08,636 - INFO - ============================================================
2025-05-23 11:00:08,637 - INFO - Starting equipment processing at 2025-05-23 11:00:08.637353
2025-05-23 11:00:08,637 - INFO - ============================================================
2025-05-23 11:00:08,696 - INFO - OpenAI API configured successfully
2025-05-23 11:00:08,696 - INFO - Processing image: /Users/ramtinabolfazli/Documents/Work/Seniors and Juniors/Program/uploads/photos/7778/IMG-20241217-WA0049.jpg
2025-05-23 11:00:23,125 - INFO - HTTP Request: POST https://api.openai.com/v1/chat/completions "HTTP/1.1 200 OK"
2025-05-23 11:00:23,152 - INFO - Processing image: /Users/ramtinabolfazli/Documents/Work/Seniors and Juniors/Program/uploads/photos/7778/IMG-20241217-WA0048.jpg
2025-05-23 11:00:57,341 - INFO - HTTP Request: POST https://api.openai.com/v1/chat/completions "HTTP/1.1 200 OK"
2025-05-23 11:00:57,358 - WARNING - No content returned from OpenAI for image: /Users/ramtinabolfazli/Documents/Work/Seniors and Juniors/Program/uploads/photos/7778/IMG-20241217-WA0048.jpg
2025-05-23 11:00:57,359 - INFO - Processing image: /Users/ramtinabolfazli/Documents/Work/Seniors and Juniors/Program/uploads/photos/7778/IMG-20241217-WA0051.jpg
2025-05-23 11:01:16,537 - INFO - HTTP Request: POST https://api.openai.com/v1/chat/completions "HTTP/1.1 200 OK"
2025-05-23 11:01:16,549 - INFO - Processing image: /Users/ramtinabolfazli/Documents/Work/Seniors and Juniors/Program/uploads/photos/7778/IMG-20241217-WA0050.jpg
2025-05-23 11:01:35,754 - INFO - HTTP Request: POST https://api.openai.com/v1/chat/completions "HTTP/1.1 200 OK"
2025-05-23 11:01:35,760 - INFO - Processing image: /Users/ramtinabolfazli/Documents/Work/Seniors and Juniors/Program/uploads/photos/7778/IMG-20241217-WA0052.jpg
2025-05-23 11:01:46,025 - INFO - HTTP Request: POST https://api.openai.com/v1/chat/completions "HTTP/1.1 200 OK"
2025-05-23 11:01:46,029 - INFO - Processing image: /Users/ramtinabolfazli/Documents/Work/Seniors and Juniors/Program/uploads/photos/7778/IMG-20241217-WA0053.jpg
2025-05-23 11:02:16,847 - INFO - HTTP Request: POST https://api.openai.com/v1/chat/completions "HTTP/1.1 200 OK"
2025-05-23 11:02:16,854 - WARNING - No content returned from OpenAI for image: /Users/ramtinabolfazli/Documents/Work/Seniors and Juniors/Program/uploads/photos/7778/IMG-20241217-WA0053.jpg
2025-05-23 11:02:36,642 - INFO - Results saved to: /Users/ramtinabolfazli/Documents/Work/Seniors and Juniors/Program/output/equipment_inventory.csv
